mode: set
eternal-fund/config/config.go:39.40,41.16 2 0
eternal-fund/config/config.go:41.16,43.3 1 0
eternal-fund/config/config.go:44.2,66.49 5 0
eternal-fund/config/config.go:66.49,68.3 1 0
eternal-fund/config/config.go:69.2,69.12 1 0
eternal-fund/config/config.go:72.35,75.47 2 0
eternal-fund/config/config.go:75.47,77.3 1 0
eternal-fund/config/config.go:78.2,78.20 1 0
eternal-fund/main.go:3.13,5.2 1 0
eternal-fund/server.go:26.30,34.2 6 0
eternal-fund/server.go:36.24,40.2 2 0
eternal-fund/server.go:42.26,50.16 4 0
eternal-fund/server.go:50.16,51.28 1 0
eternal-fund/server.go:53.2,73.3 10 0
eternal-fund/model/campaigns_entity.go:26.49,29.2 2 0
eternal-fund/model/campaigns_entity.go:31.52,34.2 2 0
eternal-fund/model/transaction_entity.go:23.47,26.2 2 0
eternal-fund/middleware/auth_middleware.go:24.70,26.32 1 0
eternal-fund/middleware/auth_middleware.go:26.32,30.55 2 0
eternal-fund/middleware/auth_middleware.go:30.55,34.4 3 0
eternal-fund/middleware/auth_middleware.go:37.3,39.17 3 0
eternal-fund/middleware/auth_middleware.go:39.17,43.4 3 0
eternal-fund/middleware/auth_middleware.go:45.3,46.10 2 0
eternal-fund/middleware/auth_middleware.go:46.10,50.4 3 0
eternal-fund/middleware/auth_middleware.go:52.3,53.17 2 0
eternal-fund/middleware/auth_middleware.go:53.17,57.4 3 0
eternal-fund/middleware/auth_middleware.go:59.3,66.30 4 0
eternal-fund/middleware/auth_middleware.go:66.30,67.30 1 0
eternal-fund/middleware/auth_middleware.go:67.30,69.10 2 0
eternal-fund/middleware/auth_middleware.go:72.3,72.17 1 0
eternal-fund/middleware/auth_middleware.go:72.17,76.4 3 0
eternal-fund/middleware/auth_middleware.go:79.3,79.13 1 0
eternal-fund/middleware/auth_middleware.go:85.70,87.2 1 0
eternal-fund/middleware/log_middleware.go:10.38,11.32 1 0
eternal-fund/middleware/log_middleware.go:11.32,22.3 8 0
eternal-fund/mocking/auth_middleware_mocking.go:12.74,13.32 1 0
eternal-fund/mocking/auth_middleware_mocking.go:13.33,13.34 0 0
eternal-fund/mocking/campaigns_usecase_mocking.go:13.96,16.2 2 0
eternal-fund/mocking/campaigns_usecase_mocking.go:18.104,21.2 2 0
eternal-fund/mocking/campaigns_usecase_mocking.go:23.83,26.2 2 0
eternal-fund/mocking/campaigns_usecase_mocking.go:28.81,31.2 2 0
eternal-fund/mocking/campaigns_usecase_mocking.go:33.62,36.2 2 0
eternal-fund/mocking/campaigns_usecase_mocking.go:38.127,41.2 2 0
eternal-fund/mocking/compaigns_repo_mocking.go:15.79,18.2 2 0
eternal-fund/mocking/compaigns_repo_mocking.go:20.77,23.2 2 0
eternal-fund/mocking/compaigns_repo_mocking.go:25.104,28.2 2 0
eternal-fund/mocking/compaigns_repo_mocking.go:30.96,33.2 2 0
eternal-fund/mocking/compaigns_repo_mocking.go:35.96,38.2 2 0
eternal-fund/mocking/compaigns_repo_mocking.go:40.58,43.2 2 0
eternal-fund/mocking/compaigns_repo_mocking.go:45.80,48.2 2 0
eternal-fund/mocking/compaigns_repo_mocking.go:50.84,53.2 2 0
eternal-fund/mocking/compaigns_repo_mocking.go:57.56,59.2 1 0
eternal-fund/mocking/payment_service_mocking.go:12.108,15.2 2 0
eternal-fund/mocking/transaction_repo_mocking.go:15.104,18.2 2 0
eternal-fund/mocking/transaction_repo_mocking.go:20.96,23.2 2 0
eternal-fund/mocking/transaction_repo_mocking.go:25.74,28.2 2 0
eternal-fund/mocking/transaction_repo_mocking.go:30.94,33.2 2 0
eternal-fund/mocking/transaction_repo_mocking.go:35.96,38.2 2 0
eternal-fund/mocking/transaction_repo_mocking.go:40.106,43.2 2 0
eternal-fund/mocking/transaction_repo_mocking.go:45.100,49.2 2 0
eternal-fund/mocking/transaction_repo_mocking.go:51.82,54.2 2 0
eternal-fund/mocking/transaction_repo_mocking.go:56.62,58.2 1 0
eternal-fund/mocking/transaction_usecase_mocking.go:14.107,17.2 2 0
eternal-fund/mocking/transaction_usecase_mocking.go:19.99,22.2 2 0
eternal-fund/mocking/transaction_usecase_mocking.go:24.99,27.2 2 0
eternal-fund/mocking/transaction_usecase_mocking.go:29.115,32.2 2 0
eternal-fund/mocking/transaction_usecase_mocking.go:34.134,37.2 2 0
eternal-fund/mocking/transaction_usecase_mocking.go:39.127,42.2 2 0
eternal-fund/mocking/transaction_usecase_mocking.go:44.111,47.2 2 0
eternal-fund/mocking/transaction_usecase_mocking.go:49.112,52.2 2 0
eternal-fund/mocking/transaction_usecase_mocking.go:54.97,57.2 2 0
eternal-fund/mocking/user_repo_mocking.go:15.61,18.2 2 0
eternal-fund/mocking/user_repo_mocking.go:20.86,23.2 2 0
eternal-fund/mocking/user_repo_mocking.go:25.70,28.2 2 0
eternal-fund/mocking/user_repo_mocking.go:30.66,33.2 2 0
eternal-fund/mocking/user_repo_mocking.go:35.68,38.2 2 0
eternal-fund/mocking/user_repo_mocking.go:40.88,43.2 2 0
eternal-fund/mocking/user_repo_mocking.go:45.84,48.2 2 0
eternal-fund/mocking/user_repo_mocking.go:50.48,52.2 1 0
eternal-fund/mocking/user_usecase_mocking.go:16.69,19.2 2 0
eternal-fund/mocking/user_usecase_mocking.go:22.91,25.2 2 0
eternal-fund/mocking/user_usecase_mocking.go:28.71,31.2 2 0
eternal-fund/mocking/user_usecase_mocking.go:34.91,37.2 2 0
eternal-fund/mocking/user_usecase_mocking.go:40.87,43.2 2 0
eternal-fund/mocking/user_usecase_mocking.go:46.89,49.2 2 0
eternal-fund/mocking/user_usecase_mocking.go:52.64,55.2 2 0
eternal-fund/mocking/user_usecase_mocking.go:58.73,61.2 2 0
eternal-fund/mocking/user_usecase_mocking.go:63.84,66.2 2 0
eternal-fund/mocking/user_usecase_mocking.go:69.44,71.2 1 0
eternal-fund/model/dto/common_response/custom_response_dto.go:10.75,18.2 1 0
eternal-fund/model/dto/common_response/custom_response_dto.go:20.94,29.2 1 0
eternal-fund/model/dto/common_response/custom_response_dto.go:31.66,38.2 1 0
eternal-fund/config/config.go:39.40,41.16 2 0
eternal-fund/config/config.go:41.16,43.3 1 0
eternal-fund/config/config.go:44.2,66.49 5 0
eternal-fund/config/config.go:66.49,68.3 1 0
eternal-fund/config/config.go:69.2,69.12 1 0
eternal-fund/config/config.go:72.35,75.47 2 0
eternal-fund/config/config.go:75.47,77.3 1 0
eternal-fund/config/config.go:78.2,78.20 1 0
eternal-fund/controller/auth_controller.go:17.57,20.16 3 0
eternal-fund/controller/auth_controller.go:20.16,22.3 1 0
eternal-fund/controller/auth_controller.go:23.2,24.16 2 0
eternal-fund/controller/auth_controller.go:24.16,26.3 1 0
eternal-fund/controller/auth_controller.go:27.2,27.64 1 0
eternal-fund/controller/auth_controller.go:31.34,33.2 1 0
eternal-fund/controller/auth_controller.go:35.89,37.2 1 0
eternal-fund/controller/campaigns_controller.go:22.71,24.51 2 1
eternal-fund/controller/campaigns_controller.go:24.51,27.3 2 0
eternal-fund/controller/campaigns_controller.go:29.2,30.16 2 1
eternal-fund/controller/campaigns_controller.go:30.16,33.3 2 0
eternal-fund/controller/campaigns_controller.go:35.2,39.83 4 1
eternal-fund/controller/campaigns_controller.go:42.69,44.16 2 1
eternal-fund/controller/campaigns_controller.go:44.16,47.3 2 0
eternal-fund/controller/campaigns_controller.go:48.2,49.16 2 1
eternal-fund/controller/campaigns_controller.go:49.16,52.3 2 0
eternal-fund/controller/campaigns_controller.go:54.2,55.16 2 1
eternal-fund/controller/campaigns_controller.go:55.16,58.3 2 1
eternal-fund/controller/campaigns_controller.go:60.2,61.37 2 1
eternal-fund/controller/campaigns_controller.go:61.37,63.3 1 1
eternal-fund/controller/campaigns_controller.go:65.2,65.88 1 1
eternal-fund/controller/campaigns_controller.go:68.72,70.16 2 1
eternal-fund/controller/campaigns_controller.go:70.16,73.3 2 0
eternal-fund/controller/campaigns_controller.go:75.2,76.16 2 1
eternal-fund/controller/campaigns_controller.go:76.16,79.3 2 0
eternal-fund/controller/campaigns_controller.go:81.2,85.85 4 1
eternal-fund/controller/campaigns_controller.go:88.71,90.16 2 1
eternal-fund/controller/campaigns_controller.go:90.16,93.3 2 0
eternal-fund/controller/campaigns_controller.go:94.2,95.16 2 1
eternal-fund/controller/campaigns_controller.go:95.16,98.3 2 0
eternal-fund/controller/campaigns_controller.go:99.2,102.90 4 1
eternal-fund/controller/campaigns_controller.go:105.71,107.16 2 1
eternal-fund/controller/campaigns_controller.go:107.16,110.3 2 0
eternal-fund/controller/campaigns_controller.go:112.2,113.16 2 1
eternal-fund/controller/campaigns_controller.go:113.16,116.3 2 0
eternal-fund/controller/campaigns_controller.go:118.2,118.78 1 1
eternal-fund/controller/campaigns_controller.go:121.76,123.16 2 0
eternal-fund/controller/campaigns_controller.go:123.16,126.3 2 0
eternal-fund/controller/campaigns_controller.go:127.2,128.16 2 0
eternal-fund/controller/campaigns_controller.go:128.16,131.3 2 0
eternal-fund/controller/campaigns_controller.go:133.2,134.47 2 0
eternal-fund/controller/campaigns_controller.go:134.47,137.3 2 0
eternal-fund/controller/campaigns_controller.go:138.2,139.65 2 0
eternal-fund/controller/campaigns_controller.go:139.65,142.3 2 0
eternal-fund/controller/campaigns_controller.go:143.2,146.16 4 0
eternal-fund/controller/campaigns_controller.go:146.16,149.3 2 0
eternal-fund/controller/campaigns_controller.go:151.2,151.95 1 0
eternal-fund/controller/campaigns_controller.go:154.41,162.2 6 1
eternal-fund/controller/campaigns_controller.go:164.154,170.2 1 1
eternal-fund/controller/transaction_controller.go:25.75,27.16 2 1
eternal-fund/controller/transaction_controller.go:27.16,30.3 2 0
eternal-fund/controller/transaction_controller.go:32.2,33.16 2 1
eternal-fund/controller/transaction_controller.go:33.16,36.3 2 0
eternal-fund/controller/transaction_controller.go:38.2,39.34 2 1
eternal-fund/controller/transaction_controller.go:39.34,41.3 1 1
eternal-fund/controller/transaction_controller.go:43.2,43.106 1 1
eternal-fund/controller/transaction_controller.go:46.70,49.16 3 1
eternal-fund/controller/transaction_controller.go:49.16,52.3 2 0
eternal-fund/controller/transaction_controller.go:54.2,55.16 2 1
eternal-fund/controller/transaction_controller.go:55.16,58.3 2 0
eternal-fund/controller/transaction_controller.go:60.2,60.91 1 1
eternal-fund/controller/transaction_controller.go:63.71,65.16 2 1
eternal-fund/controller/transaction_controller.go:65.16,68.3 2 0
eternal-fund/controller/transaction_controller.go:70.2,71.16 2 1
eternal-fund/controller/transaction_controller.go:71.16,74.3 2 0
eternal-fund/controller/transaction_controller.go:76.2,77.34 2 1
eternal-fund/controller/transaction_controller.go:77.34,79.3 1 1
eternal-fund/controller/transaction_controller.go:81.2,81.102 1 1
eternal-fund/controller/transaction_controller.go:84.69,86.51 2 1
eternal-fund/controller/transaction_controller.go:86.51,89.3 2 1
eternal-fund/controller/transaction_controller.go:92.2,93.13 2 0
eternal-fund/controller/transaction_controller.go:93.13,96.3 2 0
eternal-fund/controller/transaction_controller.go:99.2,105.16 4 0
eternal-fund/controller/transaction_controller.go:105.16,108.3 2 0
eternal-fund/controller/transaction_controller.go:117.2,117.89 1 0
eternal-fund/controller/transaction_controller.go:121.69,123.16 2 1
eternal-fund/controller/transaction_controller.go:123.16,126.3 2 0
eternal-fund/controller/transaction_controller.go:128.2,129.51 2 1
eternal-fund/controller/transaction_controller.go:129.51,132.3 2 0
eternal-fund/controller/transaction_controller.go:135.2,136.16 2 1
eternal-fund/controller/transaction_controller.go:136.16,139.3 2 0
eternal-fund/controller/transaction_controller.go:141.2,141.89 1 1
eternal-fund/controller/transaction_controller.go:144.67,146.59 2 1
eternal-fund/controller/transaction_controller.go:146.59,149.3 2 0
eternal-fund/controller/transaction_controller.go:151.2,154.13 3 1
eternal-fund/controller/transaction_controller.go:154.13,157.3 2 0
eternal-fund/controller/transaction_controller.go:159.2,160.13 2 1
eternal-fund/controller/transaction_controller.go:160.13,163.3 2 0
eternal-fund/controller/transaction_controller.go:165.2,170.16 4 1
eternal-fund/controller/transaction_controller.go:170.16,173.3 2 0
eternal-fund/controller/transaction_controller.go:175.2,177.14 2 1
eternal-fund/controller/transaction_controller.go:177.14,179.17 2 0
eternal-fund/controller/transaction_controller.go:179.17,182.4 2 0
eternal-fund/controller/transaction_controller.go:183.3,183.109 1 0
eternal-fund/controller/transaction_controller.go:184.8,186.3 1 1
eternal-fund/controller/transaction_controller.go:191.108,200.16 4 1
eternal-fund/controller/transaction_controller.go:200.16,203.3 2 0
eternal-fund/controller/transaction_controller.go:205.2,208.44 3 1
eternal-fund/controller/transaction_controller.go:208.44,210.3 1 0
eternal-fund/controller/transaction_controller.go:212.2,212.19 1 1
eternal-fund/controller/transaction_controller.go:215.43,222.2 6 1
eternal-fund/controller/transaction_controller.go:224.155,230.2 1 1
eternal-fund/controller/user_controller.go:25.56,29.15 3 1
eternal-fund/controller/user_controller.go:29.15,31.3 1 0
eternal-fund/controller/user_controller.go:32.2,32.16 1 1
eternal-fund/controller/user_controller.go:32.16,34.3 1 0
eternal-fund/controller/user_controller.go:36.2,37.16 2 1
eternal-fund/controller/user_controller.go:37.16,39.3 1 0
eternal-fund/controller/user_controller.go:40.2,41.29 2 1
eternal-fund/controller/user_controller.go:41.29,43.3 1 1
eternal-fund/controller/user_controller.go:44.2,44.58 1 1
eternal-fund/controller/user_controller.go:47.59,50.19 3 1
eternal-fund/controller/user_controller.go:50.19,56.6 2 0
eternal-fund/controller/user_controller.go:58.5,59.19 2 1
eternal-fund/controller/user_controller.go:59.19,65.6 2 0
eternal-fund/controller/user_controller.go:68.5,74.7 1 1
eternal-fund/controller/user_controller.go:77.60,79.51 2 1
eternal-fund/controller/user_controller.go:79.51,82.3 2 0
eternal-fund/controller/user_controller.go:84.2,85.16 2 1
eternal-fund/controller/user_controller.go:85.16,88.3 2 0
eternal-fund/controller/user_controller.go:90.2,90.78 1 1
eternal-fund/controller/user_controller.go:93.62,95.54 2 1
eternal-fund/controller/user_controller.go:95.54,98.6 2 0
eternal-fund/controller/user_controller.go:100.5,102.19 3 1
eternal-fund/controller/user_controller.go:102.19,105.6 2 0
eternal-fund/controller/user_controller.go:107.5,109.19 3 1
eternal-fund/controller/user_controller.go:109.19,112.6 2 0
eternal-fund/controller/user_controller.go:114.5,114.85 1 1
eternal-fund/controller/user_controller.go:118.62,121.19 3 1
eternal-fund/controller/user_controller.go:121.19,124.6 2 0
eternal-fund/controller/user_controller.go:126.5,127.19 2 1
eternal-fund/controller/user_controller.go:127.19,130.6 2 1
eternal-fund/controller/user_controller.go:133.5,134.57 2 0
eternal-fund/controller/user_controller.go:134.57,137.6 2 0
eternal-fund/controller/user_controller.go:140.5,144.70 3 0
eternal-fund/controller/user_controller.go:144.70,147.6 2 0
eternal-fund/controller/user_controller.go:150.5,150.68 1 0
eternal-fund/controller/user_controller.go:150.68,153.6 2 0
eternal-fund/controller/user_controller.go:156.5,157.19 2 0
eternal-fund/controller/user_controller.go:157.19,160.6 2 0
eternal-fund/controller/user_controller.go:162.5,162.78 1 0
eternal-fund/controller/user_controller.go:165.68,167.51 2 1
eternal-fund/controller/user_controller.go:167.51,170.3 2 0
eternal-fund/controller/user_controller.go:172.2,173.16 2 1
eternal-fund/controller/user_controller.go:173.16,176.3 2 0
eternal-fund/controller/user_controller.go:178.2,184.4 1 1
eternal-fund/controller/user_controller.go:187.36,195.2 6 1
eternal-fund/controller/user_controller.go:197.127,203.2 1 1
eternal-fund/middleware/auth_middleware.go:24.70,26.32 1 0
eternal-fund/middleware/auth_middleware.go:26.32,30.55 2 0
eternal-fund/middleware/auth_middleware.go:30.55,34.4 3 0
eternal-fund/middleware/auth_middleware.go:37.3,39.17 3 0
eternal-fund/middleware/auth_middleware.go:39.17,43.4 3 0
eternal-fund/middleware/auth_middleware.go:45.3,46.10 2 0
eternal-fund/middleware/auth_middleware.go:46.10,50.4 3 0
eternal-fund/middleware/auth_middleware.go:52.3,53.17 2 0
eternal-fund/middleware/auth_middleware.go:53.17,57.4 3 0
eternal-fund/middleware/auth_middleware.go:59.3,66.30 4 0
eternal-fund/middleware/auth_middleware.go:66.30,67.30 1 0
eternal-fund/middleware/auth_middleware.go:67.30,69.10 2 0
eternal-fund/middleware/auth_middleware.go:72.3,72.17 1 0
eternal-fund/middleware/auth_middleware.go:72.17,76.4 3 0
eternal-fund/middleware/auth_middleware.go:79.3,79.13 1 0
eternal-fund/middleware/auth_middleware.go:85.70,87.2 1 0
eternal-fund/middleware/log_middleware.go:10.38,11.32 1 0
eternal-fund/middleware/log_middleware.go:11.32,22.3 8 0
eternal-fund/mocking/auth_middleware_mocking.go:12.74,13.32 1 1
eternal-fund/mocking/auth_middleware_mocking.go:13.33,13.34 0 1
eternal-fund/mocking/campaigns_usecase_mocking.go:13.96,16.2 2 1
eternal-fund/mocking/campaigns_usecase_mocking.go:18.104,21.2 2 1
eternal-fund/mocking/campaigns_usecase_mocking.go:23.83,26.2 2 1
eternal-fund/mocking/campaigns_usecase_mocking.go:28.81,31.2 2 1
eternal-fund/mocking/campaigns_usecase_mocking.go:33.62,36.2 2 1
eternal-fund/mocking/campaigns_usecase_mocking.go:38.127,41.2 2 0
eternal-fund/mocking/compaigns_repo_mocking.go:15.79,18.2 2 0
eternal-fund/mocking/compaigns_repo_mocking.go:20.77,23.2 2 0
eternal-fund/mocking/compaigns_repo_mocking.go:25.104,28.2 2 0
eternal-fund/mocking/compaigns_repo_mocking.go:30.96,33.2 2 0
eternal-fund/mocking/compaigns_repo_mocking.go:35.96,38.2 2 0
eternal-fund/mocking/compaigns_repo_mocking.go:40.58,43.2 2 0
eternal-fund/mocking/compaigns_repo_mocking.go:45.80,48.2 2 0
eternal-fund/mocking/compaigns_repo_mocking.go:50.84,53.2 2 0
eternal-fund/mocking/compaigns_repo_mocking.go:57.56,59.2 1 0
eternal-fund/mocking/payment_service_mocking.go:12.108,15.2 2 0
eternal-fund/mocking/transaction_repo_mocking.go:15.104,18.2 2 0
eternal-fund/mocking/transaction_repo_mocking.go:20.96,23.2 2 0
eternal-fund/mocking/transaction_repo_mocking.go:25.74,28.2 2 0
eternal-fund/mocking/transaction_repo_mocking.go:30.94,33.2 2 0
eternal-fund/mocking/transaction_repo_mocking.go:35.96,38.2 2 0
eternal-fund/mocking/transaction_repo_mocking.go:40.106,43.2 2 0
eternal-fund/mocking/transaction_repo_mocking.go:45.100,49.2 2 0
eternal-fund/mocking/transaction_repo_mocking.go:51.82,54.2 2 0
eternal-fund/mocking/transaction_repo_mocking.go:56.62,58.2 1 0
eternal-fund/mocking/transaction_usecase_mocking.go:14.107,17.2 2 1
eternal-fund/mocking/transaction_usecase_mocking.go:19.99,22.2 2 1
eternal-fund/mocking/transaction_usecase_mocking.go:24.99,27.2 2 1
eternal-fund/mocking/transaction_usecase_mocking.go:29.115,32.2 2 0
eternal-fund/mocking/transaction_usecase_mocking.go:34.134,37.2 2 1
eternal-fund/mocking/transaction_usecase_mocking.go:39.127,42.2 2 0
eternal-fund/mocking/transaction_usecase_mocking.go:44.111,47.2 2 0
eternal-fund/mocking/transaction_usecase_mocking.go:49.112,52.2 2 0
eternal-fund/mocking/transaction_usecase_mocking.go:54.97,57.2 2 0
eternal-fund/mocking/user_repo_mocking.go:15.61,18.2 2 0
eternal-fund/mocking/user_repo_mocking.go:20.86,23.2 2 0
eternal-fund/mocking/user_repo_mocking.go:25.70,28.2 2 0
eternal-fund/mocking/user_repo_mocking.go:30.66,33.2 2 0
eternal-fund/mocking/user_repo_mocking.go:35.68,38.2 2 0
eternal-fund/mocking/user_repo_mocking.go:40.88,43.2 2 0
eternal-fund/mocking/user_repo_mocking.go:45.84,48.2 2 0
eternal-fund/mocking/user_repo_mocking.go:50.48,52.2 1 0
eternal-fund/mocking/user_usecase_mocking.go:16.69,19.2 2 0
eternal-fund/mocking/user_usecase_mocking.go:22.91,25.2 2 1
eternal-fund/mocking/user_usecase_mocking.go:28.71,31.2 2 0
eternal-fund/mocking/user_usecase_mocking.go:34.91,37.2 2 0
eternal-fund/mocking/user_usecase_mocking.go:40.87,43.2 2 1
eternal-fund/mocking/user_usecase_mocking.go:46.89,49.2 2 1
eternal-fund/mocking/user_usecase_mocking.go:52.64,55.2 2 1
eternal-fund/mocking/user_usecase_mocking.go:58.73,61.2 2 0
eternal-fund/mocking/user_usecase_mocking.go:63.84,66.2 2 1
eternal-fund/mocking/user_usecase_mocking.go:69.44,71.2 1 0
eternal-fund/model/campaigns_entity.go:26.49,29.2 2 0
eternal-fund/model/campaigns_entity.go:31.52,34.2 2 0
eternal-fund/model/transaction_entity.go:23.47,26.2 2 0
eternal-fund/model/dto/common_response/custom_response_dto.go:10.75,18.2 1 1
eternal-fund/model/dto/common_response/custom_response_dto.go:20.94,29.2 1 1
eternal-fund/model/dto/common_response/custom_response_dto.go:31.66,38.2 1 1
eternal-fund/usecase/service/jwt_service.go:26.78,39.16 4 0
eternal-fund/usecase/service/jwt_service.go:39.16,41.3 1 0
eternal-fund/usecase/service/jwt_service.go:42.2,42.42 1 0
eternal-fund/usecase/service/jwt_service.go:46.79,54.83 2 0
eternal-fund/usecase/service/jwt_service.go:54.83,56.3 1 0
eternal-fund/usecase/service/jwt_service.go:58.2,58.16 1 0
eternal-fund/usecase/service/jwt_service.go:58.16,60.3 1 0
eternal-fund/usecase/service/jwt_service.go:62.2,63.9 2 0
eternal-fund/usecase/service/jwt_service.go:63.9,65.3 1 0
eternal-fund/usecase/service/jwt_service.go:67.2,67.20 1 0
eternal-fund/usecase/service/jwt_service.go:71.53,73.2 1 0
eternal-fund/usecase/service/payment_service.go:19.41,21.2 1 0
eternal-fund/usecase/service/payment_service.go:23.104,45.16 8 0
eternal-fund/usecase/service/payment_service.go:45.16,47.3 1 0
eternal-fund/usecase/service/payment_service.go:49.2,49.39 1 0
eternal-fund/model/campaigns_entity.go:26.49,29.2 2 0
eternal-fund/model/campaigns_entity.go:31.52,34.2 2 0
eternal-fund/model/transaction_entity.go:23.47,26.2 2 0
eternal-fund/repository/campaigns_repository.go:16.93,19.16 2 1
eternal-fund/repository/campaigns_repository.go:19.16,21.3 1 0
eternal-fund/repository/campaigns_repository.go:22.2,27.16 4 1
eternal-fund/repository/campaigns_repository.go:27.16,29.3 1 0
eternal-fund/repository/campaigns_repository.go:31.2,36.23 4 1
eternal-fund/repository/campaigns_repository.go:39.101,45.16 6 1
eternal-fund/repository/campaigns_repository.go:45.16,47.3 1 0
eternal-fund/repository/campaigns_repository.go:48.2,50.16 3 1
eternal-fund/repository/campaigns_repository.go:50.16,52.3 1 0
eternal-fund/repository/campaigns_repository.go:53.2,53.17 1 1
eternal-fund/repository/campaigns_repository.go:53.17,57.17 3 1
eternal-fund/repository/campaigns_repository.go:57.17,59.4 1 0
eternal-fund/repository/campaigns_repository.go:60.3,60.41 1 1
eternal-fund/repository/campaigns_repository.go:62.2,69.30 2 1
eternal-fund/repository/campaigns_repository.go:72.76,76.16 3 1
eternal-fund/repository/campaigns_repository.go:76.16,77.27 1 0
eternal-fund/repository/campaigns_repository.go:77.27,79.4 1 0
eternal-fund/repository/campaigns_repository.go:80.3,80.32 1 0
eternal-fund/repository/campaigns_repository.go:82.2,82.18 1 1
eternal-fund/repository/campaigns_repository.go:85.55,87.16 2 1
eternal-fund/repository/campaigns_repository.go:87.16,89.3 1 0
eternal-fund/repository/campaigns_repository.go:90.2,90.12 1 1
eternal-fund/repository/campaigns_repository.go:93.74,102.16 3 0
eternal-fund/repository/campaigns_repository.go:102.16,104.3 1 0
eternal-fund/repository/campaigns_repository.go:105.2,116.16 4 0
eternal-fund/repository/campaigns_repository.go:116.16,118.3 1 0
eternal-fund/repository/campaigns_repository.go:120.2,120.29 1 0
eternal-fund/repository/campaigns_repository.go:123.77,126.16 3 1
eternal-fund/repository/campaigns_repository.go:126.16,128.3 1 0
eternal-fund/repository/campaigns_repository.go:130.2,132.18 2 1
eternal-fund/repository/campaigns_repository.go:132.18,134.286 2 1
eternal-fund/repository/campaigns_repository.go:134.286,136.4 1 0
eternal-fund/repository/campaigns_repository.go:137.3,137.42 1 1
eternal-fund/repository/campaigns_repository.go:139.2,139.23 1 1
eternal-fund/repository/campaigns_repository.go:142.101,144.16 2 0
eternal-fund/repository/campaigns_repository.go:144.16,146.3 1 0
eternal-fund/repository/campaigns_repository.go:147.2,147.27 1 0
eternal-fund/repository/campaigns_repository.go:150.81,152.16 2 1
eternal-fund/repository/campaigns_repository.go:152.16,154.3 1 0
eternal-fund/repository/campaigns_repository.go:155.2,155.18 1 1
eternal-fund/repository/campaigns_repository.go:169.55,171.2 1 1
eternal-fund/repository/transaction_repository.go:15.100,18.16 3 1
eternal-fund/repository/transaction_repository.go:18.16,20.3 1 1
eternal-fund/repository/transaction_repository.go:21.2,24.18 3 1
eternal-fund/repository/transaction_repository.go:24.18,27.17 3 1
eternal-fund/repository/transaction_repository.go:27.17,29.4 1 0
eternal-fund/repository/transaction_repository.go:30.3,30.51 1 1
eternal-fund/repository/transaction_repository.go:33.2,33.26 1 1
eternal-fund/repository/transaction_repository.go:36.92,39.16 3 1
eternal-fund/repository/transaction_repository.go:39.16,41.3 1 1
eternal-fund/repository/transaction_repository.go:42.2,45.18 3 1
eternal-fund/repository/transaction_repository.go:45.18,48.17 3 1
eternal-fund/repository/transaction_repository.go:48.17,50.4 1 0
eternal-fund/repository/transaction_repository.go:51.3,51.51 1 1
eternal-fund/repository/transaction_repository.go:54.2,54.26 1 1
eternal-fund/repository/transaction_repository.go:57.70,62.16 5 1
eternal-fund/repository/transaction_repository.go:62.16,64.3 1 1
eternal-fund/repository/transaction_repository.go:65.2,65.25 1 1
eternal-fund/repository/transaction_repository.go:68.90,77.16 5 1
eternal-fund/repository/transaction_repository.go:77.16,79.3 1 1
eternal-fund/repository/transaction_repository.go:80.2,83.25 4 0
eternal-fund/repository/transaction_repository.go:86.92,90.16 4 1
eternal-fund/repository/transaction_repository.go:90.16,92.3 1 1
eternal-fund/repository/transaction_repository.go:93.2,94.25 2 0
eternal-fund/repository/transaction_repository.go:97.102,102.16 5 1
eternal-fund/repository/transaction_repository.go:102.16,105.3 2 1
eternal-fund/repository/transaction_repository.go:106.2,107.25 2 0
eternal-fund/repository/transaction_repository.go:110.96,117.16 5 1
eternal-fund/repository/transaction_repository.go:117.16,119.3 1 1
eternal-fund/repository/transaction_repository.go:120.2,122.18 2 1
eternal-fund/repository/transaction_repository.go:122.18,125.17 3 1
eternal-fund/repository/transaction_repository.go:125.17,128.4 2 0
eternal-fund/repository/transaction_repository.go:129.3,129.43 1 1
eternal-fund/repository/transaction_repository.go:132.2,132.36 1 1
eternal-fund/repository/transaction_repository.go:135.78,141.16 4 1
eternal-fund/repository/transaction_repository.go:141.16,144.3 2 1
eternal-fund/repository/transaction_repository.go:145.2,146.26 2 1
eternal-fund/repository/transaction_repository.go:160.53,162.2 1 1
eternal-fund/repository/user_repository.go:16.62,21.16 5 1
eternal-fund/repository/user_repository.go:21.16,23.3 1 0
eternal-fund/repository/user_repository.go:24.2,27.18 4 1
eternal-fund/repository/user_repository.go:30.64,33.19 3 1
eternal-fund/repository/user_repository.go:33.19,35.6 1 1
eternal-fund/repository/user_repository.go:36.5,36.21 1 0
eternal-fund/repository/user_repository.go:39.84,45.16 4 1
eternal-fund/repository/user_repository.go:45.16,47.3 1 0
eternal-fund/repository/user_repository.go:48.2,48.18 1 1
eternal-fund/repository/user_repository.go:51.82,60.16 6 1
eternal-fund/repository/user_repository.go:60.16,62.3 1 0
eternal-fund/repository/user_repository.go:64.2,66.16 3 1
eternal-fund/repository/user_repository.go:66.16,68.3 1 0
eternal-fund/repository/user_repository.go:70.2,70.18 1 1
eternal-fund/repository/user_repository.go:70.18,76.17 4 1
eternal-fund/repository/user_repository.go:76.17,78.4 1 0
eternal-fund/repository/user_repository.go:80.3,80.27 1 1
eternal-fund/repository/user_repository.go:80.27,82.4 1 0
eternal-fund/repository/user_repository.go:82.9,84.4 1 1
eternal-fund/repository/user_repository.go:86.3,86.36 1 1
eternal-fund/repository/user_repository.go:89.2,96.30 2 1
eternal-fund/repository/user_repository.go:101.57,107.16 4 1
eternal-fund/repository/user_repository.go:107.16,109.3 1 0
eternal-fund/repository/user_repository.go:111.2,111.26 1 1
eternal-fund/repository/user_repository.go:111.26,113.3 1 0
eternal-fund/repository/user_repository.go:113.8,115.3 1 1
eternal-fund/repository/user_repository.go:117.2,117.18 1 1
eternal-fund/repository/user_repository.go:122.66,129.16 4 1
eternal-fund/repository/user_repository.go:129.16,131.3 1 0
eternal-fund/repository/user_repository.go:133.2,133.26 1 1
eternal-fund/repository/user_repository.go:133.26,135.3 1 0
eternal-fund/repository/user_repository.go:135.8,137.3 1 1
eternal-fund/repository/user_repository.go:139.2,139.18 1 1
eternal-fund/repository/user_repository.go:151.45,153.2 1 1
eternal-fund/usecase/service/jwt_service.go:26.78,39.16 4 0
eternal-fund/usecase/service/jwt_service.go:39.16,41.3 1 0
eternal-fund/usecase/service/jwt_service.go:42.2,42.42 1 0
eternal-fund/usecase/service/jwt_service.go:46.79,54.83 2 0
eternal-fund/usecase/service/jwt_service.go:54.83,56.3 1 0
eternal-fund/usecase/service/jwt_service.go:58.2,58.16 1 0
eternal-fund/usecase/service/jwt_service.go:58.16,60.3 1 0
eternal-fund/usecase/service/jwt_service.go:62.2,63.9 2 0
eternal-fund/usecase/service/jwt_service.go:63.9,65.3 1 0
eternal-fund/usecase/service/jwt_service.go:67.2,67.20 1 0
eternal-fund/usecase/service/jwt_service.go:71.53,73.2 1 0
eternal-fund/usecase/service/payment_service.go:19.41,21.2 1 0
eternal-fund/usecase/service/payment_service.go:23.104,45.16 8 0
eternal-fund/usecase/service/payment_service.go:45.16,47.3 1 0
eternal-fund/usecase/service/payment_service.go:49.2,49.39 1 0
eternal-fund/config/config.go:39.40,41.16 2 0
eternal-fund/config/config.go:41.16,43.3 1 0
eternal-fund/config/config.go:44.2,66.49 5 0
eternal-fund/config/config.go:66.49,68.3 1 0
eternal-fund/config/config.go:69.2,69.12 1 0
eternal-fund/config/config.go:72.35,75.47 2 0
eternal-fund/config/config.go:75.47,77.3 1 0
eternal-fund/config/config.go:78.2,78.20 1 0
eternal-fund/mocking/auth_middleware_mocking.go:12.74,13.32 1 0
eternal-fund/mocking/auth_middleware_mocking.go:13.33,13.34 0 0
eternal-fund/mocking/campaigns_usecase_mocking.go:13.96,16.2 2 0
eternal-fund/mocking/campaigns_usecase_mocking.go:18.104,21.2 2 0
eternal-fund/mocking/campaigns_usecase_mocking.go:23.83,26.2 2 0
eternal-fund/mocking/campaigns_usecase_mocking.go:28.81,31.2 2 0
eternal-fund/mocking/campaigns_usecase_mocking.go:33.62,36.2 2 0
eternal-fund/mocking/campaigns_usecase_mocking.go:38.127,41.2 2 0
eternal-fund/mocking/compaigns_repo_mocking.go:15.79,18.2 2 1
eternal-fund/mocking/compaigns_repo_mocking.go:20.77,23.2 2 1
eternal-fund/mocking/compaigns_repo_mocking.go:25.104,28.2 2 1
eternal-fund/mocking/compaigns_repo_mocking.go:30.96,33.2 2 1
eternal-fund/mocking/compaigns_repo_mocking.go:35.96,38.2 2 0
eternal-fund/mocking/compaigns_repo_mocking.go:40.58,43.2 2 1
eternal-fund/mocking/compaigns_repo_mocking.go:45.80,48.2 2 0
eternal-fund/mocking/compaigns_repo_mocking.go:50.84,53.2 2 0
eternal-fund/mocking/compaigns_repo_mocking.go:57.56,59.2 1 0
eternal-fund/mocking/payment_service_mocking.go:12.108,15.2 2 0
eternal-fund/mocking/transaction_repo_mocking.go:15.104,18.2 2 1
eternal-fund/mocking/transaction_repo_mocking.go:20.96,23.2 2 1
eternal-fund/mocking/transaction_repo_mocking.go:25.74,28.2 2 1
eternal-fund/mocking/transaction_repo_mocking.go:30.94,33.2 2 1
eternal-fund/mocking/transaction_repo_mocking.go:35.96,38.2 2 1
eternal-fund/mocking/transaction_repo_mocking.go:40.106,43.2 2 0
eternal-fund/mocking/transaction_repo_mocking.go:45.100,49.2 2 1
eternal-fund/mocking/transaction_repo_mocking.go:51.82,54.2 2 1
eternal-fund/mocking/transaction_repo_mocking.go:56.62,58.2 1 0
eternal-fund/mocking/transaction_usecase_mocking.go:14.107,17.2 2 0
eternal-fund/mocking/transaction_usecase_mocking.go:19.99,22.2 2 0
eternal-fund/mocking/transaction_usecase_mocking.go:24.99,27.2 2 0
eternal-fund/mocking/transaction_usecase_mocking.go:29.115,32.2 2 0
eternal-fund/mocking/transaction_usecase_mocking.go:34.134,37.2 2 0
eternal-fund/mocking/transaction_usecase_mocking.go:39.127,42.2 2 0
eternal-fund/mocking/transaction_usecase_mocking.go:44.111,47.2 2 0
eternal-fund/mocking/transaction_usecase_mocking.go:49.112,52.2 2 0
eternal-fund/mocking/transaction_usecase_mocking.go:54.97,57.2 2 0
eternal-fund/mocking/user_repo_mocking.go:15.61,18.2 2 1
eternal-fund/mocking/user_repo_mocking.go:20.86,23.2 2 0
eternal-fund/mocking/user_repo_mocking.go:25.70,28.2 2 0
eternal-fund/mocking/user_repo_mocking.go:30.66,33.2 2 0
eternal-fund/mocking/user_repo_mocking.go:35.68,38.2 2 0
eternal-fund/mocking/user_repo_mocking.go:40.88,43.2 2 0
eternal-fund/mocking/user_repo_mocking.go:45.84,48.2 2 0
eternal-fund/mocking/user_repo_mocking.go:50.48,52.2 1 0
eternal-fund/mocking/user_usecase_mocking.go:16.69,19.2 2 1
eternal-fund/mocking/user_usecase_mocking.go:22.91,25.2 2 0
eternal-fund/mocking/user_usecase_mocking.go:28.71,31.2 2 0
eternal-fund/mocking/user_usecase_mocking.go:34.91,37.2 2 1
eternal-fund/mocking/user_usecase_mocking.go:40.87,43.2 2 0
eternal-fund/mocking/user_usecase_mocking.go:46.89,49.2 2 1
eternal-fund/mocking/user_usecase_mocking.go:52.64,55.2 2 1
eternal-fund/mocking/user_usecase_mocking.go:58.73,61.2 2 1
eternal-fund/mocking/user_usecase_mocking.go:63.84,66.2 2 0
eternal-fund/mocking/user_usecase_mocking.go:69.44,71.2 1 0
eternal-fund/model/campaigns_entity.go:26.49,29.2 2 0
eternal-fund/model/campaigns_entity.go:31.52,34.2 2 0
eternal-fund/model/transaction_entity.go:23.47,26.2 2 0
eternal-fund/usecase/auth_usecase.go:17.80,19.16 2 0
eternal-fund/usecase/auth_usecase.go:19.16,21.3 1 0
eternal-fund/usecase/auth_usecase.go:22.2,23.16 2 0
eternal-fund/usecase/auth_usecase.go:23.16,25.3 1 0
eternal-fund/usecase/auth_usecase.go:26.2,26.19 1 0
eternal-fund/usecase/auth_usecase.go:28.84,30.2 1 0
eternal-fund/usecase/campaigns_usecase.go:17.92,30.16 11 1
eternal-fund/usecase/campaigns_usecase.go:30.16,32.3 1 0
eternal-fund/usecase/campaigns_usecase.go:33.2,34.16 2 0
eternal-fund/usecase/campaigns_usecase.go:34.16,36.3 1 0
eternal-fund/usecase/campaigns_usecase.go:38.2,40.25 2 0
eternal-fund/usecase/campaigns_usecase.go:43.104,45.16 2 1
eternal-fund/usecase/campaigns_usecase.go:45.16,47.3 1 0
eternal-fund/usecase/campaigns_usecase.go:48.2,48.27 1 1
eternal-fund/usecase/campaigns_usecase.go:48.27,50.17 2 1
eternal-fund/usecase/campaigns_usecase.go:50.17,52.4 1 0
eternal-fund/usecase/campaigns_usecase.go:53.3,54.27 2 1
eternal-fund/usecase/campaigns_usecase.go:57.2,57.31 1 1
eternal-fund/usecase/campaigns_usecase.go:60.84,62.16 2 1
eternal-fund/usecase/campaigns_usecase.go:62.16,64.3 1 0
eternal-fund/usecase/campaigns_usecase.go:65.2,66.16 2 1
eternal-fund/usecase/campaigns_usecase.go:66.16,68.3 1 0
eternal-fund/usecase/campaigns_usecase.go:69.2,73.22 3 1
eternal-fund/usecase/campaigns_usecase.go:77.77,80.16 3 1
eternal-fund/usecase/campaigns_usecase.go:80.16,82.3 1 0
eternal-fund/usecase/campaigns_usecase.go:84.2,84.38 1 1
eternal-fund/usecase/campaigns_usecase.go:84.38,86.3 1 0
eternal-fund/usecase/campaigns_usecase.go:88.2,95.16 7 1
eternal-fund/usecase/campaigns_usecase.go:95.16,97.3 1 0
eternal-fund/usecase/campaigns_usecase.go:98.2,99.16 2 1
eternal-fund/usecase/campaigns_usecase.go:99.16,101.3 1 0
eternal-fund/usecase/campaigns_usecase.go:102.2,106.29 3 1
eternal-fund/usecase/campaigns_usecase.go:109.58,111.2 1 1
eternal-fund/usecase/campaigns_usecase.go:113.123,118.16 3 1
eternal-fund/usecase/campaigns_usecase.go:118.16,120.3 1 0
eternal-fund/usecase/campaigns_usecase.go:122.2,122.39 1 1
eternal-fund/usecase/campaigns_usecase.go:122.39,124.3 1 1
eternal-fund/usecase/campaigns_usecase.go:126.2,127.26 2 0
eternal-fund/usecase/campaigns_usecase.go:127.26,131.17 3 0
eternal-fund/usecase/campaigns_usecase.go:131.17,133.4 1 0
eternal-fund/usecase/campaigns_usecase.go:136.2,143.16 3 0
eternal-fund/usecase/campaigns_usecase.go:143.16,145.3 1 0
eternal-fund/usecase/campaigns_usecase.go:147.2,147.30 1 0
eternal-fund/usecase/campaigns_usecase.go:159.113,161.2 1 0
eternal-fund/usecase/transaction_usecase.go:20.104,22.2 1 1
eternal-fund/usecase/transaction_usecase.go:23.96,25.2 1 1
eternal-fund/usecase/transaction_usecase.go:27.84,29.2 1 1
eternal-fund/usecase/transaction_usecase.go:31.109,33.2 1 0
eternal-fund/usecase/transaction_usecase.go:35.112,50.16 4 1
eternal-fund/usecase/transaction_usecase.go:50.16,53.3 2 0
eternal-fund/usecase/transaction_usecase.go:54.2,57.16 3 0
eternal-fund/usecase/transaction_usecase.go:57.16,60.3 2 0
eternal-fund/usecase/transaction_usecase.go:62.2,64.16 3 0
eternal-fund/usecase/transaction_usecase.go:64.16,67.3 2 0
eternal-fund/usecase/transaction_usecase.go:68.2,70.32 2 0
eternal-fund/usecase/transaction_usecase.go:73.93,77.16 3 1
eternal-fund/usecase/transaction_usecase.go:77.16,79.3 1 0
eternal-fund/usecase/transaction_usecase.go:81.2,81.113 1 1
eternal-fund/usecase/transaction_usecase.go:81.113,83.3 1 1
eternal-fund/usecase/transaction_usecase.go:83.8,83.52 1 0
eternal-fund/usecase/transaction_usecase.go:83.52,85.3 1 0
eternal-fund/usecase/transaction_usecase.go:85.8,85.124 1 0
eternal-fund/usecase/transaction_usecase.go:85.124,87.3 1 0
eternal-fund/usecase/transaction_usecase.go:89.2,90.16 2 1
eternal-fund/usecase/transaction_usecase.go:90.16,92.3 1 0
eternal-fund/usecase/transaction_usecase.go:94.2,95.16 2 0
eternal-fund/usecase/transaction_usecase.go:95.16,97.3 1 0
eternal-fund/usecase/transaction_usecase.go:99.2,99.41 1 0
eternal-fund/usecase/transaction_usecase.go:99.41,104.17 4 0
eternal-fund/usecase/transaction_usecase.go:104.17,106.4 1 0
eternal-fund/usecase/transaction_usecase.go:109.2,109.12 1 0
eternal-fund/usecase/transaction_usecase.go:112.131,115.16 2 1
eternal-fund/usecase/transaction_usecase.go:115.16,117.3 1 0
eternal-fund/usecase/transaction_usecase.go:121.2,125.16 3 1
eternal-fund/usecase/transaction_usecase.go:125.16,127.3 1 0
eternal-fund/usecase/transaction_usecase.go:129.2,129.32 1 1
eternal-fund/usecase/transaction_usecase.go:132.110,134.2 1 1
eternal-fund/usecase/transaction_usecase.go:136.106,139.16 3 1
eternal-fund/usecase/transaction_usecase.go:139.16,142.3 2 0
eternal-fund/usecase/transaction_usecase.go:144.2,149.16 5 0
eternal-fund/usecase/transaction_usecase.go:149.16,151.3 1 0
eternal-fund/usecase/transaction_usecase.go:153.2,153.32 1 0
eternal-fund/usecase/transaction_usecase.go:172.169,178.2 1 0
eternal-fund/usecase/user_usecase.go:17.87,19.16 2 1
eternal-fund/usecase/user_usecase.go:19.16,21.3 1 0
eternal-fund/usecase/user_usecase.go:23.2,31.26 2 1
eternal-fund/usecase/user_usecase.go:34.84,36.19 2 1
eternal-fund/usecase/user_usecase.go:36.19,38.6 1 1
eternal-fund/usecase/user_usecase.go:39.5,43.19 5 0
eternal-fund/usecase/user_usecase.go:43.19,45.6 1 0
eternal-fund/usecase/user_usecase.go:46.5,46.28 1 0
eternal-fund/usecase/user_usecase.go:50.87,52.2 1 1
eternal-fund/usecase/user_usecase.go:54.83,57.16 3 1
eternal-fund/usecase/user_usecase.go:57.16,58.36 1 1
eternal-fund/usecase/user_usecase.go:58.36,60.4 1 0
eternal-fund/usecase/user_usecase.go:61.3,61.20 1 1
eternal-fund/usecase/user_usecase.go:63.2,63.19 1 1
eternal-fund/usecase/user_usecase.go:67.85,69.2 1 1
eternal-fund/usecase/user_usecase.go:72.60,74.2 1 1
eternal-fund/usecase/user_usecase.go:76.69,78.2 1 1
eternal-fund/usecase/user_usecase.go:90.59,92.2 1 0
eternal-fund/usecase/service/jwt_service.go:26.78,39.16 4 0
eternal-fund/usecase/service/jwt_service.go:39.16,41.3 1 0
eternal-fund/usecase/service/jwt_service.go:42.2,42.42 1 0
eternal-fund/usecase/service/jwt_service.go:46.79,54.83 2 0
eternal-fund/usecase/service/jwt_service.go:54.83,56.3 1 0
eternal-fund/usecase/service/jwt_service.go:58.2,58.16 1 0
eternal-fund/usecase/service/jwt_service.go:58.16,60.3 1 0
eternal-fund/usecase/service/jwt_service.go:62.2,63.9 2 0
eternal-fund/usecase/service/jwt_service.go:63.9,65.3 1 0
eternal-fund/usecase/service/jwt_service.go:67.2,67.20 1 0
eternal-fund/usecase/service/jwt_service.go:71.53,73.2 1 0
eternal-fund/usecase/service/payment_service.go:19.41,21.2 1 0
eternal-fund/usecase/service/payment_service.go:23.104,45.16 8 0
eternal-fund/usecase/service/payment_service.go:45.16,47.3 1 0
eternal-fund/usecase/service/payment_service.go:49.2,49.39 1 0
