mode: set
eternal-fund/usecase/auth_usecase.go:17.80,19.16 2 0
eternal-fund/usecase/auth_usecase.go:19.16,21.3 1 0
eternal-fund/usecase/auth_usecase.go:22.2,23.16 2 0
eternal-fund/usecase/auth_usecase.go:23.16,25.3 1 0
eternal-fund/usecase/auth_usecase.go:26.2,26.19 1 0
eternal-fund/usecase/auth_usecase.go:28.84,30.2 1 0
eternal-fund/usecase/campaigns_usecase.go:17.92,30.16 11 1
eternal-fund/usecase/campaigns_usecase.go:30.16,32.3 1 0
eternal-fund/usecase/campaigns_usecase.go:33.2,34.16 2 0
eternal-fund/usecase/campaigns_usecase.go:34.16,36.3 1 0
eternal-fund/usecase/campaigns_usecase.go:38.2,40.25 2 0
eternal-fund/usecase/campaigns_usecase.go:43.104,45.16 2 1
eternal-fund/usecase/campaigns_usecase.go:45.16,47.3 1 0
eternal-fund/usecase/campaigns_usecase.go:48.2,48.27 1 1
eternal-fund/usecase/campaigns_usecase.go:48.27,50.17 2 1
eternal-fund/usecase/campaigns_usecase.go:50.17,52.4 1 0
eternal-fund/usecase/campaigns_usecase.go:53.3,54.27 2 1
eternal-fund/usecase/campaigns_usecase.go:57.2,57.31 1 1
eternal-fund/usecase/campaigns_usecase.go:60.84,62.16 2 1
eternal-fund/usecase/campaigns_usecase.go:62.16,64.3 1 0
eternal-fund/usecase/campaigns_usecase.go:65.2,66.16 2 1
eternal-fund/usecase/campaigns_usecase.go:66.16,68.3 1 0
eternal-fund/usecase/campaigns_usecase.go:69.2,73.22 3 1
eternal-fund/usecase/campaigns_usecase.go:77.77,80.16 3 1
eternal-fund/usecase/campaigns_usecase.go:80.16,82.3 1 0
eternal-fund/usecase/campaigns_usecase.go:84.2,84.38 1 1
eternal-fund/usecase/campaigns_usecase.go:84.38,86.3 1 0
eternal-fund/usecase/campaigns_usecase.go:88.2,95.16 7 1
eternal-fund/usecase/campaigns_usecase.go:95.16,97.3 1 0
eternal-fund/usecase/campaigns_usecase.go:98.2,99.16 2 1
eternal-fund/usecase/campaigns_usecase.go:99.16,101.3 1 0
eternal-fund/usecase/campaigns_usecase.go:102.2,106.29 3 1
eternal-fund/usecase/campaigns_usecase.go:109.58,111.2 1 1
eternal-fund/usecase/campaigns_usecase.go:113.123,118.16 3 1
eternal-fund/usecase/campaigns_usecase.go:118.16,120.3 1 0
eternal-fund/usecase/campaigns_usecase.go:122.2,122.39 1 1
eternal-fund/usecase/campaigns_usecase.go:122.39,124.3 1 1
eternal-fund/usecase/campaigns_usecase.go:126.2,127.26 2 0
eternal-fund/usecase/campaigns_usecase.go:127.26,131.17 3 0
eternal-fund/usecase/campaigns_usecase.go:131.17,133.4 1 0
eternal-fund/usecase/campaigns_usecase.go:136.2,143.16 3 0
eternal-fund/usecase/campaigns_usecase.go:143.16,145.3 1 0
eternal-fund/usecase/campaigns_usecase.go:147.2,147.30 1 0
eternal-fund/usecase/campaigns_usecase.go:159.113,161.2 1 0
eternal-fund/usecase/transaction_usecase.go:20.104,22.2 1 1
eternal-fund/usecase/transaction_usecase.go:23.96,25.2 1 1
eternal-fund/usecase/transaction_usecase.go:27.84,29.2 1 1
eternal-fund/usecase/transaction_usecase.go:31.109,33.2 1 0
eternal-fund/usecase/transaction_usecase.go:35.112,50.16 4 1
eternal-fund/usecase/transaction_usecase.go:50.16,53.3 2 0
eternal-fund/usecase/transaction_usecase.go:54.2,57.16 3 0
eternal-fund/usecase/transaction_usecase.go:57.16,60.3 2 0
eternal-fund/usecase/transaction_usecase.go:62.2,64.16 3 0
eternal-fund/usecase/transaction_usecase.go:64.16,67.3 2 0
eternal-fund/usecase/transaction_usecase.go:68.2,70.32 2 0
eternal-fund/usecase/transaction_usecase.go:73.93,77.16 3 1
eternal-fund/usecase/transaction_usecase.go:77.16,79.3 1 0
eternal-fund/usecase/transaction_usecase.go:81.2,81.113 1 1
eternal-fund/usecase/transaction_usecase.go:81.113,83.3 1 1
eternal-fund/usecase/transaction_usecase.go:83.8,83.52 1 0
eternal-fund/usecase/transaction_usecase.go:83.52,85.3 1 0
eternal-fund/usecase/transaction_usecase.go:85.8,85.124 1 0
eternal-fund/usecase/transaction_usecase.go:85.124,87.3 1 0
eternal-fund/usecase/transaction_usecase.go:89.2,90.16 2 1
eternal-fund/usecase/transaction_usecase.go:90.16,92.3 1 0
eternal-fund/usecase/transaction_usecase.go:94.2,95.16 2 0
eternal-fund/usecase/transaction_usecase.go:95.16,97.3 1 0
eternal-fund/usecase/transaction_usecase.go:99.2,99.41 1 0
eternal-fund/usecase/transaction_usecase.go:99.41,104.17 4 0
eternal-fund/usecase/transaction_usecase.go:104.17,106.4 1 0
eternal-fund/usecase/transaction_usecase.go:109.2,109.12 1 0
eternal-fund/usecase/transaction_usecase.go:112.131,115.16 2 1
eternal-fund/usecase/transaction_usecase.go:115.16,117.3 1 0
eternal-fund/usecase/transaction_usecase.go:121.2,125.16 3 1
eternal-fund/usecase/transaction_usecase.go:125.16,127.3 1 0
eternal-fund/usecase/transaction_usecase.go:129.2,129.32 1 1
eternal-fund/usecase/transaction_usecase.go:132.110,134.2 1 1
eternal-fund/usecase/transaction_usecase.go:136.106,139.16 3 1
eternal-fund/usecase/transaction_usecase.go:139.16,142.3 2 0
eternal-fund/usecase/transaction_usecase.go:144.2,149.16 5 0
eternal-fund/usecase/transaction_usecase.go:149.16,151.3 1 0
eternal-fund/usecase/transaction_usecase.go:153.2,153.32 1 0
eternal-fund/usecase/transaction_usecase.go:172.169,178.2 1 0
eternal-fund/usecase/user_usecase.go:17.87,19.16 2 1
eternal-fund/usecase/user_usecase.go:19.16,21.3 1 0
eternal-fund/usecase/user_usecase.go:23.2,31.26 2 1
eternal-fund/usecase/user_usecase.go:34.84,36.19 2 1
eternal-fund/usecase/user_usecase.go:36.19,38.6 1 1
eternal-fund/usecase/user_usecase.go:39.5,43.19 5 0
eternal-fund/usecase/user_usecase.go:43.19,45.6 1 0
eternal-fund/usecase/user_usecase.go:46.5,46.28 1 0
eternal-fund/usecase/user_usecase.go:50.87,52.2 1 1
eternal-fund/usecase/user_usecase.go:54.83,57.16 3 1
eternal-fund/usecase/user_usecase.go:57.16,58.36 1 1
eternal-fund/usecase/user_usecase.go:58.36,60.4 1 0
eternal-fund/usecase/user_usecase.go:61.3,61.20 1 1
eternal-fund/usecase/user_usecase.go:63.2,63.19 1 1
eternal-fund/usecase/user_usecase.go:67.85,69.2 1 1
eternal-fund/usecase/user_usecase.go:72.60,74.2 1 1
eternal-fund/usecase/user_usecase.go:76.69,78.2 1 1
eternal-fund/usecase/user_usecase.go:90.59,92.2 1 0
