mode: set
eternal-fund/controller/auth_controller.go:17.57,20.16 3 0
eternal-fund/controller/auth_controller.go:20.16,22.3 1 0
eternal-fund/controller/auth_controller.go:23.2,24.16 2 0
eternal-fund/controller/auth_controller.go:24.16,26.3 1 0
eternal-fund/controller/auth_controller.go:27.2,27.64 1 0
eternal-fund/controller/auth_controller.go:31.34,33.2 1 0
eternal-fund/controller/auth_controller.go:35.89,37.2 1 0
eternal-fund/controller/campaigns_controller.go:22.71,24.51 2 1
eternal-fund/controller/campaigns_controller.go:24.51,27.3 2 0
eternal-fund/controller/campaigns_controller.go:29.2,30.16 2 1
eternal-fund/controller/campaigns_controller.go:30.16,33.3 2 0
eternal-fund/controller/campaigns_controller.go:35.2,39.83 4 1
eternal-fund/controller/campaigns_controller.go:42.69,44.16 2 1
eternal-fund/controller/campaigns_controller.go:44.16,47.3 2 0
eternal-fund/controller/campaigns_controller.go:48.2,49.16 2 1
eternal-fund/controller/campaigns_controller.go:49.16,52.3 2 0
eternal-fund/controller/campaigns_controller.go:54.2,55.16 2 1
eternal-fund/controller/campaigns_controller.go:55.16,58.3 2 1
eternal-fund/controller/campaigns_controller.go:60.2,61.37 2 1
eternal-fund/controller/campaigns_controller.go:61.37,63.3 1 1
eternal-fund/controller/campaigns_controller.go:65.2,65.88 1 1
eternal-fund/controller/campaigns_controller.go:68.72,70.16 2 1
eternal-fund/controller/campaigns_controller.go:70.16,73.3 2 0
eternal-fund/controller/campaigns_controller.go:75.2,76.16 2 1
eternal-fund/controller/campaigns_controller.go:76.16,79.3 2 0
eternal-fund/controller/campaigns_controller.go:81.2,85.85 4 1
eternal-fund/controller/campaigns_controller.go:88.71,90.16 2 1
eternal-fund/controller/campaigns_controller.go:90.16,93.3 2 0
eternal-fund/controller/campaigns_controller.go:94.2,95.16 2 1
eternal-fund/controller/campaigns_controller.go:95.16,98.3 2 0
eternal-fund/controller/campaigns_controller.go:99.2,102.90 4 1
eternal-fund/controller/campaigns_controller.go:105.71,107.16 2 1
eternal-fund/controller/campaigns_controller.go:107.16,110.3 2 0
eternal-fund/controller/campaigns_controller.go:112.2,113.16 2 1
eternal-fund/controller/campaigns_controller.go:113.16,116.3 2 0
eternal-fund/controller/campaigns_controller.go:118.2,118.78 1 1
eternal-fund/controller/campaigns_controller.go:121.76,123.16 2 0
eternal-fund/controller/campaigns_controller.go:123.16,126.3 2 0
eternal-fund/controller/campaigns_controller.go:127.2,128.16 2 0
eternal-fund/controller/campaigns_controller.go:128.16,131.3 2 0
eternal-fund/controller/campaigns_controller.go:133.2,134.47 2 0
eternal-fund/controller/campaigns_controller.go:134.47,137.3 2 0
eternal-fund/controller/campaigns_controller.go:138.2,139.65 2 0
eternal-fund/controller/campaigns_controller.go:139.65,142.3 2 0
eternal-fund/controller/campaigns_controller.go:143.2,146.16 4 0
eternal-fund/controller/campaigns_controller.go:146.16,149.3 2 0
eternal-fund/controller/campaigns_controller.go:151.2,151.95 1 0
eternal-fund/controller/campaigns_controller.go:154.41,162.2 6 1
eternal-fund/controller/campaigns_controller.go:164.154,170.2 1 1
eternal-fund/controller/transaction_controller.go:25.75,27.16 2 1
eternal-fund/controller/transaction_controller.go:27.16,30.3 2 0
eternal-fund/controller/transaction_controller.go:32.2,33.16 2 1
eternal-fund/controller/transaction_controller.go:33.16,36.3 2 0
eternal-fund/controller/transaction_controller.go:38.2,39.34 2 1
eternal-fund/controller/transaction_controller.go:39.34,41.3 1 1
eternal-fund/controller/transaction_controller.go:43.2,43.106 1 1
eternal-fund/controller/transaction_controller.go:46.70,49.16 3 1
eternal-fund/controller/transaction_controller.go:49.16,52.3 2 0
eternal-fund/controller/transaction_controller.go:54.2,55.16 2 1
eternal-fund/controller/transaction_controller.go:55.16,58.3 2 0
eternal-fund/controller/transaction_controller.go:60.2,60.91 1 1
eternal-fund/controller/transaction_controller.go:63.71,65.16 2 1
eternal-fund/controller/transaction_controller.go:65.16,68.3 2 0
eternal-fund/controller/transaction_controller.go:70.2,71.16 2 1
eternal-fund/controller/transaction_controller.go:71.16,74.3 2 0
eternal-fund/controller/transaction_controller.go:76.2,77.34 2 1
eternal-fund/controller/transaction_controller.go:77.34,79.3 1 1
eternal-fund/controller/transaction_controller.go:81.2,81.102 1 1
eternal-fund/controller/transaction_controller.go:84.69,86.51 2 1
eternal-fund/controller/transaction_controller.go:86.51,89.3 2 1
eternal-fund/controller/transaction_controller.go:92.2,93.13 2 0
eternal-fund/controller/transaction_controller.go:93.13,96.3 2 0
eternal-fund/controller/transaction_controller.go:99.2,105.16 4 0
eternal-fund/controller/transaction_controller.go:105.16,108.3 2 0
eternal-fund/controller/transaction_controller.go:117.2,117.89 1 0
eternal-fund/controller/transaction_controller.go:121.69,123.16 2 1
eternal-fund/controller/transaction_controller.go:123.16,126.3 2 0
eternal-fund/controller/transaction_controller.go:128.2,129.51 2 1
eternal-fund/controller/transaction_controller.go:129.51,132.3 2 0
eternal-fund/controller/transaction_controller.go:135.2,136.16 2 1
eternal-fund/controller/transaction_controller.go:136.16,139.3 2 0
eternal-fund/controller/transaction_controller.go:141.2,141.89 1 1
eternal-fund/controller/transaction_controller.go:144.67,146.59 2 1
eternal-fund/controller/transaction_controller.go:146.59,149.3 2 0
eternal-fund/controller/transaction_controller.go:151.2,154.13 3 1
eternal-fund/controller/transaction_controller.go:154.13,157.3 2 0
eternal-fund/controller/transaction_controller.go:159.2,160.13 2 1
eternal-fund/controller/transaction_controller.go:160.13,163.3 2 0
eternal-fund/controller/transaction_controller.go:165.2,170.16 4 1
eternal-fund/controller/transaction_controller.go:170.16,173.3 2 0
eternal-fund/controller/transaction_controller.go:175.2,177.14 2 1
eternal-fund/controller/transaction_controller.go:177.14,179.17 2 0
eternal-fund/controller/transaction_controller.go:179.17,182.4 2 0
eternal-fund/controller/transaction_controller.go:183.3,183.109 1 0
eternal-fund/controller/transaction_controller.go:184.8,186.3 1 1
eternal-fund/controller/transaction_controller.go:191.108,200.16 4 1
eternal-fund/controller/transaction_controller.go:200.16,203.3 2 0
eternal-fund/controller/transaction_controller.go:205.2,208.44 3 1
eternal-fund/controller/transaction_controller.go:208.44,210.3 1 0
eternal-fund/controller/transaction_controller.go:212.2,212.19 1 1
eternal-fund/controller/transaction_controller.go:215.43,222.2 6 1
eternal-fund/controller/transaction_controller.go:224.155,230.2 1 1
eternal-fund/controller/user_controller.go:25.56,29.15 3 1
eternal-fund/controller/user_controller.go:29.15,31.3 1 0
eternal-fund/controller/user_controller.go:32.2,32.16 1 1
eternal-fund/controller/user_controller.go:32.16,34.3 1 0
eternal-fund/controller/user_controller.go:36.2,37.16 2 1
eternal-fund/controller/user_controller.go:37.16,39.3 1 0
eternal-fund/controller/user_controller.go:40.2,41.29 2 1
eternal-fund/controller/user_controller.go:41.29,43.3 1 1
eternal-fund/controller/user_controller.go:44.2,44.58 1 1
eternal-fund/controller/user_controller.go:47.59,50.19 3 1
eternal-fund/controller/user_controller.go:50.19,56.6 2 0
eternal-fund/controller/user_controller.go:58.5,59.19 2 1
eternal-fund/controller/user_controller.go:59.19,65.6 2 0
eternal-fund/controller/user_controller.go:68.5,74.7 1 1
eternal-fund/controller/user_controller.go:77.60,79.51 2 1
eternal-fund/controller/user_controller.go:79.51,82.3 2 0
eternal-fund/controller/user_controller.go:84.2,85.16 2 1
eternal-fund/controller/user_controller.go:85.16,88.3 2 0
eternal-fund/controller/user_controller.go:90.2,90.78 1 1
eternal-fund/controller/user_controller.go:93.62,95.54 2 1
eternal-fund/controller/user_controller.go:95.54,98.6 2 0
eternal-fund/controller/user_controller.go:100.5,102.19 3 1
eternal-fund/controller/user_controller.go:102.19,105.6 2 0
eternal-fund/controller/user_controller.go:107.5,109.19 3 1
eternal-fund/controller/user_controller.go:109.19,112.6 2 0
eternal-fund/controller/user_controller.go:114.5,114.85 1 1
eternal-fund/controller/user_controller.go:118.62,121.19 3 1
eternal-fund/controller/user_controller.go:121.19,124.6 2 0
eternal-fund/controller/user_controller.go:126.5,127.19 2 1
eternal-fund/controller/user_controller.go:127.19,130.6 2 1
eternal-fund/controller/user_controller.go:133.5,134.57 2 0
eternal-fund/controller/user_controller.go:134.57,137.6 2 0
eternal-fund/controller/user_controller.go:140.5,144.70 3 0
eternal-fund/controller/user_controller.go:144.70,147.6 2 0
eternal-fund/controller/user_controller.go:150.5,150.68 1 0
eternal-fund/controller/user_controller.go:150.68,153.6 2 0
eternal-fund/controller/user_controller.go:156.5,157.19 2 0
eternal-fund/controller/user_controller.go:157.19,160.6 2 0
eternal-fund/controller/user_controller.go:162.5,162.78 1 0
eternal-fund/controller/user_controller.go:165.68,167.51 2 1
eternal-fund/controller/user_controller.go:167.51,170.3 2 0
eternal-fund/controller/user_controller.go:172.2,173.16 2 1
eternal-fund/controller/user_controller.go:173.16,176.3 2 0
eternal-fund/controller/user_controller.go:178.2,184.4 1 1
eternal-fund/controller/user_controller.go:187.36,195.2 6 1
eternal-fund/controller/user_controller.go:197.127,203.2 1 1
