mode: set
eternal-fund/repository/campaigns_repository.go:16.93,19.16 2 1
eternal-fund/repository/campaigns_repository.go:19.16,21.3 1 0
eternal-fund/repository/campaigns_repository.go:22.2,27.16 4 1
eternal-fund/repository/campaigns_repository.go:27.16,29.3 1 0
eternal-fund/repository/campaigns_repository.go:31.2,36.23 4 1
eternal-fund/repository/campaigns_repository.go:39.101,45.16 6 1
eternal-fund/repository/campaigns_repository.go:45.16,47.3 1 0
eternal-fund/repository/campaigns_repository.go:48.2,50.16 3 1
eternal-fund/repository/campaigns_repository.go:50.16,52.3 1 0
eternal-fund/repository/campaigns_repository.go:53.2,53.17 1 1
eternal-fund/repository/campaigns_repository.go:53.17,57.17 3 1
eternal-fund/repository/campaigns_repository.go:57.17,59.4 1 0
eternal-fund/repository/campaigns_repository.go:60.3,60.41 1 1
eternal-fund/repository/campaigns_repository.go:62.2,69.30 2 1
eternal-fund/repository/campaigns_repository.go:72.76,76.16 3 1
eternal-fund/repository/campaigns_repository.go:76.16,77.27 1 0
eternal-fund/repository/campaigns_repository.go:77.27,79.4 1 0
eternal-fund/repository/campaigns_repository.go:80.3,80.32 1 0
eternal-fund/repository/campaigns_repository.go:82.2,82.18 1 1
eternal-fund/repository/campaigns_repository.go:85.55,87.16 2 1
eternal-fund/repository/campaigns_repository.go:87.16,89.3 1 0
eternal-fund/repository/campaigns_repository.go:90.2,90.12 1 1
eternal-fund/repository/campaigns_repository.go:93.74,102.16 3 0
eternal-fund/repository/campaigns_repository.go:102.16,104.3 1 0
eternal-fund/repository/campaigns_repository.go:105.2,116.16 4 0
eternal-fund/repository/campaigns_repository.go:116.16,118.3 1 0
eternal-fund/repository/campaigns_repository.go:120.2,120.29 1 0
eternal-fund/repository/campaigns_repository.go:123.77,126.16 3 1
eternal-fund/repository/campaigns_repository.go:126.16,128.3 1 0
eternal-fund/repository/campaigns_repository.go:130.2,132.18 2 1
eternal-fund/repository/campaigns_repository.go:132.18,134.286 2 1
eternal-fund/repository/campaigns_repository.go:134.286,136.4 1 0
eternal-fund/repository/campaigns_repository.go:137.3,137.42 1 1
eternal-fund/repository/campaigns_repository.go:139.2,139.23 1 1
eternal-fund/repository/campaigns_repository.go:142.101,144.16 2 0
eternal-fund/repository/campaigns_repository.go:144.16,146.3 1 0
eternal-fund/repository/campaigns_repository.go:147.2,147.27 1 0
eternal-fund/repository/campaigns_repository.go:150.81,152.16 2 1
eternal-fund/repository/campaigns_repository.go:152.16,154.3 1 0
eternal-fund/repository/campaigns_repository.go:155.2,155.18 1 1
eternal-fund/repository/campaigns_repository.go:169.55,171.2 1 1
eternal-fund/repository/transaction_repository.go:15.100,18.16 3 1
eternal-fund/repository/transaction_repository.go:18.16,20.3 1 1
eternal-fund/repository/transaction_repository.go:21.2,24.18 3 1
eternal-fund/repository/transaction_repository.go:24.18,27.17 3 1
eternal-fund/repository/transaction_repository.go:27.17,29.4 1 0
eternal-fund/repository/transaction_repository.go:30.3,30.51 1 1
eternal-fund/repository/transaction_repository.go:33.2,33.26 1 1
eternal-fund/repository/transaction_repository.go:36.92,39.16 3 1
eternal-fund/repository/transaction_repository.go:39.16,41.3 1 1
eternal-fund/repository/transaction_repository.go:42.2,45.18 3 1
eternal-fund/repository/transaction_repository.go:45.18,48.17 3 1
eternal-fund/repository/transaction_repository.go:48.17,50.4 1 0
eternal-fund/repository/transaction_repository.go:51.3,51.51 1 1
eternal-fund/repository/transaction_repository.go:54.2,54.26 1 1
eternal-fund/repository/transaction_repository.go:57.70,62.16 5 1
eternal-fund/repository/transaction_repository.go:62.16,64.3 1 1
eternal-fund/repository/transaction_repository.go:65.2,65.25 1 1
eternal-fund/repository/transaction_repository.go:68.90,77.16 5 1
eternal-fund/repository/transaction_repository.go:77.16,79.3 1 1
eternal-fund/repository/transaction_repository.go:80.2,83.25 4 0
eternal-fund/repository/transaction_repository.go:86.92,90.16 4 1
eternal-fund/repository/transaction_repository.go:90.16,92.3 1 1
eternal-fund/repository/transaction_repository.go:93.2,94.25 2 0
eternal-fund/repository/transaction_repository.go:97.102,102.16 5 1
eternal-fund/repository/transaction_repository.go:102.16,105.3 2 1
eternal-fund/repository/transaction_repository.go:106.2,107.25 2 0
eternal-fund/repository/transaction_repository.go:110.96,117.16 5 1
eternal-fund/repository/transaction_repository.go:117.16,119.3 1 1
eternal-fund/repository/transaction_repository.go:120.2,122.18 2 1
eternal-fund/repository/transaction_repository.go:122.18,125.17 3 1
eternal-fund/repository/transaction_repository.go:125.17,128.4 2 0
eternal-fund/repository/transaction_repository.go:129.3,129.43 1 1
eternal-fund/repository/transaction_repository.go:132.2,132.36 1 1
eternal-fund/repository/transaction_repository.go:135.78,141.16 4 1
eternal-fund/repository/transaction_repository.go:141.16,144.3 2 1
eternal-fund/repository/transaction_repository.go:145.2,146.26 2 1
eternal-fund/repository/transaction_repository.go:160.53,162.2 1 1
eternal-fund/repository/user_repository.go:16.62,21.16 5 1
eternal-fund/repository/user_repository.go:21.16,23.3 1 0
eternal-fund/repository/user_repository.go:24.2,27.18 4 1
eternal-fund/repository/user_repository.go:30.64,33.19 3 1
eternal-fund/repository/user_repository.go:33.19,35.6 1 1
eternal-fund/repository/user_repository.go:36.5,36.21 1 0
eternal-fund/repository/user_repository.go:39.84,45.16 4 1
eternal-fund/repository/user_repository.go:45.16,47.3 1 0
eternal-fund/repository/user_repository.go:48.2,48.18 1 1
eternal-fund/repository/user_repository.go:51.82,60.16 6 1
eternal-fund/repository/user_repository.go:60.16,62.3 1 0
eternal-fund/repository/user_repository.go:64.2,66.16 3 1
eternal-fund/repository/user_repository.go:66.16,68.3 1 0
eternal-fund/repository/user_repository.go:70.2,70.18 1 1
eternal-fund/repository/user_repository.go:70.18,76.17 4 1
eternal-fund/repository/user_repository.go:76.17,78.4 1 0
eternal-fund/repository/user_repository.go:80.3,80.27 1 1
eternal-fund/repository/user_repository.go:80.27,82.4 1 0
eternal-fund/repository/user_repository.go:82.9,84.4 1 1
eternal-fund/repository/user_repository.go:86.3,86.36 1 1
eternal-fund/repository/user_repository.go:89.2,96.30 2 1
eternal-fund/repository/user_repository.go:101.57,107.16 4 1
eternal-fund/repository/user_repository.go:107.16,109.3 1 0
eternal-fund/repository/user_repository.go:111.2,111.26 1 1
eternal-fund/repository/user_repository.go:111.26,113.3 1 0
eternal-fund/repository/user_repository.go:113.8,115.3 1 1
eternal-fund/repository/user_repository.go:117.2,117.18 1 1
eternal-fund/repository/user_repository.go:122.66,129.16 4 1
eternal-fund/repository/user_repository.go:129.16,131.3 1 0
eternal-fund/repository/user_repository.go:133.2,133.26 1 1
eternal-fund/repository/user_repository.go:133.26,135.3 1 0
eternal-fund/repository/user_repository.go:135.8,137.3 1 1
eternal-fund/repository/user_repository.go:139.2,139.18 1 1
eternal-fund/repository/user_repository.go:151.45,153.2 1 1
